{
  "common": {
    "follow": {
      "type": "added",
      "added": false
    },
    "setting1": "Value 1",
    "setting2": {
      "type": "removed",
      "removed": 200
    },
    "setting3": {
      "type": "updated",
      "removed": true,
      "added": null
    },
    "setting4": {
      "type": "added",
      "added": "blah blah"
    },
    "setting5": {
      "type": "added",
      "added": {
        "key5": "value5"
      }
    },
    "setting6": {
      "doge": {
        "wow": {
          "type": "updated",
          "removed": "",
          "added": "so much"
        }
      },
      "key": "value",
      "ops": {
        "type": "added",
        "added": "vops"
      }
    }
  },
  "group1": {
    "baz": {
      "type": "updated",
      "removed": "bas",
      "added": "bars"
    },
    "foo": "bar",
    "nest": {
      "type": "updated",
      "removed": {
        "key": "value"
      },
      "added": "str"
    }
  },
  "group2": {
    "type": "removed",
    "removed": {
      "abc": 12345,
      "deep": {
        "id": 45
      }
    }
  },
  "group3": {
    "type": "added",
    "added": {
      "deep": {
        "id": {
          "number": 45
        }
      },
      "fee": 100500
    }
  }
}
